<?xml version="1.0" encoding="UTF-8"?>
<testsuite name="org.l11gr05.model.arena.ArenaTest" tests="6" skipped="0" failures="0" errors="0" timestamp="2022-12-23T21:40:49" hostname="archvivobook" time="0.027">
  <properties/>
  <testcase name="isGhostTest()" classname="org.l11gr05.model.arena.ArenaTest" time="0.017"/>
  <testcase name="pacDotTest()" classname="org.l11gr05.model.arena.ArenaTest" time="0.001"/>
  <testcase name="powerPelletsTest()" classname="org.l11gr05.model.arena.ArenaTest" time="0.002"/>
  <testcase name="pacDotRemove()" classname="org.l11gr05.model.arena.ArenaTest" time="0.002"/>
  <testcase name="wallsTest()" classname="org.l11gr05.model.arena.ArenaTest" time="0.001"/>
  <testcase name="powerPelletRemove()" classname="org.l11gr05.model.arena.ArenaTest" time="0.001"/>
  <system-out><![CDATA[]]></system-out>
  <system-err><![CDATA[]]></system-err>
</testsuite>
