<?xml version="1.0" encoding="UTF-8"?>
<testsuite name="org.l11gr05.model.elements.ghost.ghostStrategies.ClydeStrategyTest" tests="4" skipped="0" failures="0" errors="0" timestamp="2022-12-23T21:40:49" hostname="archvivobook" time="0.01">
  <properties/>
  <testcase name="nextScatorMoveFarAwayTest()" classname="org.l11gr05.model.elements.ghost.ghostStrategies.ClydeStrategyTest" time="0.002"/>
  <testcase name="nextTargetMoveWanderingTest()" classname="org.l11gr05.model.elements.ghost.ghostStrategies.ClydeStrategyTest" time="0.002"/>
  <testcase name="nextTargetMovePersecutingTest()" classname="org.l11gr05.model.elements.ghost.ghostStrategies.ClydeStrategyTest" time="0.001"/>
  <testcase name="nextScatorMoveCloseTest()" classname="org.l11gr05.model.elements.ghost.ghostStrategies.ClydeStrategyTest" time="0.001"/>
  <system-out><![CDATA[]]></system-out>
  <system-err><![CDATA[]]></system-err>
</testsuite>
