<?xml version="1.0" encoding="UTF-8"?>
<testsuite name="org.l11gr05.model.elements.ghostState.StateTest" tests="6" skipped="0" failures="0" errors="0" timestamp="2022-12-23T21:40:49" hostname="archvivobook" time="0.008">
  <properties/>
  <testcase name="isBeingChasedTrueTest()" classname="org.l11gr05.model.elements.ghostState.StateTest" time="0.001"/>
  <testcase name="increaseTimerHunterTest()" classname="org.l11gr05.model.elements.ghostState.StateTest" time="0.001"/>
  <testcase name="isBeingChasedFalseTest()" classname="org.l11gr05.model.elements.ghostState.StateTest" time="0.001"/>
  <testcase name="increaseTimerHouseTest()" classname="org.l11gr05.model.elements.ghostState.StateTest" time="0.001"/>
  <testcase name="increaseTimerChasedTest()" classname="org.l11gr05.model.elements.ghostState.StateTest" time="0.001"/>
  <testcase name="increaseTimerEatenTest()" classname="org.l11gr05.model.elements.ghostState.StateTest" time="0.001"/>
  <system-out><![CDATA[]]></system-out>
  <system-err><![CDATA[]]></system-err>
</testsuite>
