<?xml version="1.0" encoding="UTF-8"?>
<testsuite name="org.l11gr05.controller.game.GhostControllerTest" tests="1" skipped="0" failures="0" errors="0" timestamp="2022-12-23T21:40:45" hostname="archvivobook" time="0.863">
  <properties/>
  <testcase name="moveBlinkyTest()" classname="org.l11gr05.controller.game.GhostControllerTest" time="0.863"/>
  <system-out><![CDATA[]]></system-out>
  <system-err><![CDATA[]]></system-err>
</testsuite>
