<?xml version="1.0" encoding="UTF-8"?>
<testsuite name="org.l11gr05.gui.LanternaGUITest" tests="8" skipped="0" failures="0" errors="0" timestamp="2022-12-23T21:40:49" hostname="archvivobook" time="0.062">
  <properties/>
  <testcase name="getNextActionTestEOF()" classname="org.l11gr05.gui.LanternaGUITest" time="0.043"/>
  <testcase name="getNextActionTestCharacter()" classname="org.l11gr05.gui.LanternaGUITest" time="0.002"/>
  <testcase name="getNextActionTestArrowDown()" classname="org.l11gr05.gui.LanternaGUITest" time="0.002"/>
  <testcase name="getNextActionTestArrowUp()" classname="org.l11gr05.gui.LanternaGUITest" time="0.001"/>
  <testcase name="getNextActionTestLeft()" classname="org.l11gr05.gui.LanternaGUITest" time="0.001"/>
  <testcase name="getNextActionTestNull()" classname="org.l11gr05.gui.LanternaGUITest" time="0.002"/>
  <testcase name="getNextActionTestEnter()" classname="org.l11gr05.gui.LanternaGUITest" time="0.002"/>
  <testcase name="getNextActionTestRight()" classname="org.l11gr05.gui.LanternaGUITest" time="0.003"/>
  <system-out><![CDATA[]]></system-out>
  <system-err><![CDATA[]]></system-err>
</testsuite>
